[2026-01-06 15:37:26] ASSUMPTION: no reference_number in fatwa1.json -> using fallback key
[2026-01-06 15:37:26] INSERT Judgment id=12 ref=None
[2026-01-06 15:37:26] REPLACE principles count=1 for judgment_id=12
[2026-01-06 15:37:26] ASSUMPTION: no reference_number in fatwa1_1960.json -> using fallback key
[2026-01-06 15:37:26] INSERT Judgment id=13 ref=None
[2026-01-06 15:37:26] REPLACE principles count=1 for judgment_id=13
[2026-01-06 15:37:26] ASSUMPTION: no reference_number in fatwa2_1990.json -> using fallback key
[2026-01-06 15:37:26] INSERT Judgment id=14 ref=None
[2026-01-06 15:37:26] REPLACE principles count=1 for judgment_id=14
[2026-01-06 15:37:26] ASSUMPTION: no reference_number in fatwa3_2020.json -> using fallback key
[2026-01-06 15:37:26] INSERT Judgment id=15 ref=None
[2026-01-06 15:37:26] REPLACE principles count=0 for judgment_id=15
[2026-01-06 15:37:26] UPDATE Judgment id=3 ref=10232
[2026-01-06 15:37:26] REPLACE principles count=1 for judgment_id=3
[2026-01-06 15:37:26] UPDATE Judgment id=4 ref=10554
[2026-01-06 15:37:26] REPLACE principles count=1 for judgment_id=4
[2026-01-06 15:37:26] UPDATE Judgment id=5 ref=12479
[2026-01-06 15:37:26] REPLACE principles count=4 for judgment_id=5
[2026-01-06 15:37:26] ASSUMPTION: no reference_number in قانون - رقم 1.json -> using fallback key
[2026-01-06 15:37:26] INSERT Judgment id=16 ref=None
[2026-01-06 15:37:26] REPLACE principles count=0 for judgment_id=16
[2026-01-06 15:37:26] ASSUMPTION: no reference_number in قانون - رقم 6.json -> using fallback key
[2026-01-06 15:37:26] INSERT Judgment id=17 ref=None
[2026-01-06 15:37:26] REPLACE principles count=0 for judgment_id=17
[2026-01-06 15:37:26] DONE
[2026-01-06 15:40:37] ASSUMPTION: no reference_number in fatwa1.json -> using fallback key
[2026-01-06 15:40:37] INSERT Judgment id=18 ref=None
[2026-01-06 15:40:37] REPLACE principles count=1 for judgment_id=18
[2026-01-06 15:40:37] ASSUMPTION: no reference_number in fatwa1_1960.json -> using fallback key
[2026-01-06 15:40:37] INSERT Judgment id=19 ref=None
[2026-01-06 15:40:37] REPLACE principles count=1 for judgment_id=19
[2026-01-06 15:40:37] ASSUMPTION: no reference_number in fatwa2_1990.json -> using fallback key
[2026-01-06 15:40:37] INSERT Judgment id=20 ref=None
[2026-01-06 15:40:37] REPLACE principles count=1 for judgment_id=20
[2026-01-06 15:40:37] ASSUMPTION: no reference_number in fatwa3_2020.json -> using fallback key
[2026-01-06 15:40:37] INSERT Judgment id=21 ref=None
[2026-01-06 15:40:37] REPLACE principles count=0 for judgment_id=21
[2026-01-06 15:40:37] UPDATE Judgment id=3 ref=10232
[2026-01-06 15:40:37] REPLACE principles count=1 for judgment_id=3
[2026-01-06 15:40:37] UPDATE Judgment id=4 ref=10554
[2026-01-06 15:40:37] REPLACE principles count=1 for judgment_id=4
[2026-01-06 15:40:37] UPDATE Judgment id=5 ref=12479
[2026-01-06 15:40:37] REPLACE principles count=4 for judgment_id=5
[2026-01-06 15:40:37] ASSUMPTION: no reference_number in قانون - رقم 1.json -> using fallback key
[2026-01-06 15:40:37] INSERT Judgment id=22 ref=None
[2026-01-06 15:40:37] REPLACE principles count=0 for judgment_id=22
[2026-01-06 15:40:37] ASSUMPTION: no reference_number in قانون - رقم 6.json -> using fallback key
[2026-01-06 15:40:37] INSERT Judgment id=23 ref=None
[2026-01-06 15:40:37] REPLACE principles count=0 for judgment_id=23
[2026-01-06 15:40:37] DONE
[2026-01-06 15:51:28] UPDATE Judgment id=3 ref=10232
[2026-01-06 15:51:28] REPLACE principles count=1 for judgment_id=3
[2026-01-06 15:51:28] UPDATE Judgment id=4 ref=10554
[2026-01-06 15:51:28] REPLACE principles count=1 for judgment_id=4
[2026-01-06 15:51:28] UPDATE Judgment id=5 ref=12479
[2026-01-06 15:51:28] REPLACE principles count=4 for judgment_id=5
[2026-01-06 15:51:28] DONE
[2026-01-06 15:51:29] UPDATE Judgment id=3 ref=10232
[2026-01-06 15:51:29] REPLACE principles count=1 for judgment_id=3
[2026-01-06 15:51:29] UPDATE Judgment id=4 ref=10554
[2026-01-06 15:51:29] REPLACE principles count=1 for judgment_id=4
[2026-01-06 15:51:29] UPDATE Judgment id=5 ref=12479
[2026-01-06 15:51:29] REPLACE principles count=4 for judgment_id=5
[2026-01-06 15:51:29] DONE
[2026-01-06 15:51:32] UPDATE Judgment id=3 ref=10232
[2026-01-06 15:51:32] REPLACE principles count=1 for judgment_id=3
[2026-01-06 15:51:32] UPDATE Judgment id=4 ref=10554
[2026-01-06 15:51:32] REPLACE principles count=1 for judgment_id=4
[2026-01-06 15:51:32] UPDATE Judgment id=5 ref=12479
[2026-01-06 15:51:32] REPLACE principles count=4 for judgment_id=5
[2026-01-06 15:51:32] DONE
[2026-01-06 15:51:33] UPDATE Judgment id=3 ref=10232
[2026-01-06 15:51:33] REPLACE principles count=1 for judgment_id=3
[2026-01-06 15:51:33] UPDATE Judgment id=4 ref=10554
[2026-01-06 15:51:33] REPLACE principles count=1 for judgment_id=4
[2026-01-06 15:51:33] UPDATE Judgment id=5 ref=12479
[2026-01-06 15:51:33] REPLACE principles count=4 for judgment_id=5
[2026-01-06 15:51:33] DONE
[2026-01-06 15:52:02] UPDATE Judgment id=3 ref=10232
[2026-01-06 15:52:02] REPLACE principles count=1 for judgment_id=3
[2026-01-06 15:52:02] UPDATE Judgment id=4 ref=10554
[2026-01-06 15:52:02] REPLACE principles count=1 for judgment_id=4
[2026-01-06 15:52:02] UPDATE Judgment id=5 ref=12479
[2026-01-06 15:52:02] REPLACE principles count=4 for judgment_id=5
[2026-01-06 15:52:02] DONE
[2026-01-06 16:30:33] INSERT Judgment id=1 ref=10232
[2026-01-06 16:30:33] REPLACE principles count=1 for judgment_id=1
[2026-01-06 16:30:33] INSERT Judgment id=2 ref=10554
[2026-01-06 16:30:33] REPLACE principles count=1 for judgment_id=2
[2026-01-06 16:30:33] INSERT Judgment id=3 ref=12479
[2026-01-06 16:30:33] REPLACE principles count=4 for judgment_id=3
[2026-01-06 16:30:33] DONE
[2026-01-07 17:09:02] UPDATE Judgment id=1 ref=10232
[2026-01-07 17:09:02] REPLACE principles count=1 for judgment_id=1
[2026-01-07 17:09:02] UPDATE Judgment id=2 ref=10554
[2026-01-07 17:09:02] REPLACE principles count=1 for judgment_id=2
[2026-01-07 17:09:02] UPDATE Judgment id=3 ref=12479
[2026-01-07 17:09:02] REPLACE principles count=4 for judgment_id=3
[2026-01-07 17:09:02] DONE
[2026-01-07 17:42:15] UPDATE Judgment id=1 ref=10232
[2026-01-07 17:42:15] REPLACE principles count=1 for judgment_id=1
[2026-01-07 17:42:15] UPDATE Judgment id=2 ref=10554
[2026-01-07 17:42:15] REPLACE principles count=1 for judgment_id=2
[2026-01-07 17:42:15] UPDATE Judgment id=3 ref=12479
[2026-01-07 17:42:15] REPLACE principles count=4 for judgment_id=3
[2026-01-07 17:42:15] DONE
