[2026-01-06 13:39:48] INSERT Judgment id=None ref=10232
[2026-01-06 13:40:27] INSERT Judgment id=None ref=10232
[2026-01-06 13:50:24] INSERT Judgment id=3 ref=10232
[2026-01-06 13:50:24] REPLACE principles count=1 for judgment_id=3
[2026-01-06 13:50:24] INSERT Judgment id=4 ref=10554
[2026-01-06 13:50:24] REPLACE principles count=1 for judgment_id=4
[2026-01-06 13:50:24] INSERT Judgment id=5 ref=12479
[2026-01-06 13:50:24] REPLACE principles count=4 for judgment_id=5
[2026-01-06 13:50:24] DONE
[2026-01-06 13:52:10] UPDATE Judgment id=3 ref=10232
[2026-01-06 13:52:10] REPLACE principles count=1 for judgment_id=3
[2026-01-06 13:52:10] UPDATE Judgment id=4 ref=10554
[2026-01-06 13:52:11] REPLACE principles count=1 for judgment_id=4
[2026-01-06 13:52:11] UPDATE Judgment id=5 ref=12479
[2026-01-06 13:52:11] REPLACE principles count=4 for judgment_id=5
[2026-01-06 13:52:11] DONE
[2026-01-06 15:29:17] No json files found in json_out
[2026-01-06 15:30:02] ASSUMPTION: no reference_number in fatwa1.json -> using fallback key
[2026-01-06 15:30:02] INSERT Judgment id=6 ref=None
[2026-01-06 15:30:02] REPLACE principles count=1 for judgment_id=6
[2026-01-06 15:30:02] ASSUMPTION: no reference_number in fatwa1_1960.json -> using fallback key
[2026-01-06 15:30:02] INSERT Judgment id=7 ref=None
[2026-01-06 15:30:02] REPLACE principles count=1 for judgment_id=7
[2026-01-06 15:30:02] ASSUMPTION: no reference_number in fatwa2_1990.json -> using fallback key
[2026-01-06 15:30:02] INSERT Judgment id=8 ref=None
[2026-01-06 15:30:02] REPLACE principles count=1 for judgment_id=8
[2026-01-06 15:30:02] ASSUMPTION: no reference_number in fatwa3_2020.json -> using fallback key
[2026-01-06 15:30:02] INSERT Judgment id=9 ref=None
[2026-01-06 15:30:02] REPLACE principles count=0 for judgment_id=9
[2026-01-06 15:30:02] UPDATE Judgment id=3 ref=10232
[2026-01-06 15:30:02] REPLACE principles count=1 for judgment_id=3
[2026-01-06 15:30:02] UPDATE Judgment id=4 ref=10554
[2026-01-06 15:30:02] REPLACE principles count=1 for judgment_id=4
[2026-01-06 15:30:02] UPDATE Judgment id=5 ref=12479
[2026-01-06 15:30:02] REPLACE principles count=4 for judgment_id=5
[2026-01-06 15:30:02] ASSUMPTION: no reference_number in قانون - رقم 1.json -> using fallback key
[2026-01-06 15:30:02] INSERT Judgment id=10 ref=None
[2026-01-06 15:30:02] REPLACE principles count=0 for judgment_id=10
[2026-01-06 15:30:02] ASSUMPTION: no reference_number in قانون - رقم 6.json -> using fallback key
[2026-01-06 15:30:02] INSERT Judgment id=11 ref=None
[2026-01-06 15:30:02] REPLACE principles count=0 for judgment_id=11
[2026-01-06 15:30:02] DONE
